[debug] [2019-10-04T19:38:59.486Z] ----------------------------------------------------------------------
[debug] [2019-10-04T19:38:59.488Z] Command:       /home/jesus/.nvm/versions/node/v10.16.3/bin/node /usr/bin/firebase init
[debug] [2019-10-04T19:38:59.488Z] CLI Version:   7.4.0
[debug] [2019-10-04T19:38:59.488Z] Platform:      linux
[debug] [2019-10-04T19:38:59.488Z] Node Version:  v10.16.3
[debug] [2019-10-04T19:38:59.488Z] Time:          Fri Oct 04 2019 14:38:59 GMT-0500 (GMT-05:00)
[debug] [2019-10-04T19:38:59.488Z] ----------------------------------------------------------------------
[debug] 
[debug] [2019-10-04T19:38:59.493Z] > command requires scopes: ["email","openid","https://www.googleapis.com/auth/cloudplatformprojects.readonly","https://www.googleapis.com/auth/firebase","https://www.googleapis.com/auth/cloud-platform"]
[debug] [2019-10-04T19:38:59.493Z] > authorizing via signed-in user
[info] 
     ######## #### ########  ######## ########     ###     ######  ########
     ##        ##  ##     ## ##       ##     ##  ##   ##  ##       ##
     ######    ##  ########  ######   ########  #########  ######  ######
     ##        ##  ##    ##  ##       ##     ## ##     ##       ## ##
     ##       #### ##     ## ######## ########  ##     ##  ######  ########

You're about to initialize a Firebase project in this directory:

  /home/jesus/Documentos/trabajo/petrolera/admin-app/admin/app-students-app

[info] 
=== Project Setup
[info] 
[info] First, let's associate this project directory with a Firebase project.
[info] You can create multiple project aliases by running firebase use --add, 
[info] but for now we'll just set up a default project.
[info] 
[debug] [2019-10-04T19:39:18.269Z] > refreshing access token with scopes: ["email","https://www.googleapis.com/auth/cloud-platform","https://www.googleapis.com/auth/cloudplatformprojects.readonly","https://www.googleapis.com/auth/firebase","openid"]
[debug] [2019-10-04T19:39:18.271Z] >>> HTTP REQUEST POST https://www.googleapis.com/oauth2/v3/token  
 <request body omitted>
[debug] [2019-10-04T19:39:20.807Z] <<< HTTP RESPONSE 200
[debug] [2019-10-04T19:39:20.853Z] >>> HTTP REQUEST GET https://firebase.googleapis.com/v1beta1/projects?pageSize=100  
 
[debug] [2019-10-04T19:39:23.355Z] <<< HTTP RESPONSE 200
[info] i  Using project pwa-shop-d166b (pwa-shop)
[info] 
=== Hosting Setup
[info] 
[info] Your public directory is the folder (relative to your project directory) that
[info] will contain Hosting assets to be uploaded with firebase deploy. If you
[info] have a build process for your assets, use your build's output directory.
[info] 
[debug] [2019-10-04T19:39:42.664Z] >>> HTTP REQUEST GET https://www.gstatic.com/firebasejs/releases.json  
 
[debug] [2019-10-04T19:39:45.789Z] <<< HTTP RESPONSE 200
[debug] [2019-10-04T19:39:49.755Z] Error: EACCES: permission denied, open '/home/jesus/Documentos/trabajo/petrolera/admin-app/admin/app-students-app/dist/app-students-app/index.html'
    at Object.openSync (fs.js:443:3)
    at Object.writeFileSync (fs.js:1194:35)
    at Config.writeProjectFile (/usr/lib/node_modules/firebase-tools/lib/config.js:179:8)
    at /usr/lib/node_modules/firebase-tools/lib/config.js:197:18
    at process._tickCallback (internal/process/next_tick.js:68:7)
[error] 
[error] Error: An unexpected error has occurred.
[debug] [2019-10-04T19:41:37.646Z] ----------------------------------------------------------------------
[debug] [2019-10-04T19:41:37.648Z] Command:       /home/jesus/.nvm/versions/node/v10.16.3/bin/node /usr/bin/firebase init
[debug] [2019-10-04T19:41:37.649Z] CLI Version:   7.4.0
[debug] [2019-10-04T19:41:37.649Z] Platform:      linux
[debug] [2019-10-04T19:41:37.649Z] Node Version:  v10.16.3
[debug] [2019-10-04T19:41:37.649Z] Time:          Fri Oct 04 2019 14:41:37 GMT-0500 (GMT-05:00)
[debug] [2019-10-04T19:41:37.649Z] ----------------------------------------------------------------------
[debug] 
[debug] [2019-10-04T19:41:37.656Z] > command requires scopes: ["email","openid","https://www.googleapis.com/auth/cloudplatformprojects.readonly","https://www.googleapis.com/auth/firebase","https://www.googleapis.com/auth/cloud-platform"]
[debug] [2019-10-04T19:41:37.656Z] > authorizing via signed-in user
[info] 
     ######## #### ########  ######## ########     ###     ######  ########
     ##        ##  ##     ## ##       ##     ##  ##   ##  ##       ##
     ######    ##  ########  ######   ########  #########  ######  ######
     ##        ##  ##    ##  ##       ##     ## ##     ##       ## ##
     ##       #### ##     ## ######## ########  ##     ##  ######  ########

You're about to initialize a Firebase project in this directory:

  /home/jesus/Documentos/trabajo/petrolera/admin-app/admin/app-students-app

[info] 
=== Project Setup
[info] 
[info] First, let's associate this project directory with a Firebase project.
[info] You can create multiple project aliases by running firebase use --add, 
[info] but for now we'll just set up a default project.
[info] 
[debug] [2019-10-04T19:41:41.044Z] >>> HTTP REQUEST GET https://firebase.googleapis.com/v1beta1/projects?pageSize=100  
 
[debug] [2019-10-04T19:41:44.385Z] <<< HTTP RESPONSE 200
[info] i  Using project petrolera-app-students (petrolera-app-students)
[info] 
=== Hosting Setup
[info] 
[info] Your public directory is the folder (relative to your project directory) that
[info] will contain Hosting assets to be uploaded with firebase deploy. If you
[info] have a build process for your assets, use your build's output directory.
[info] 
[debug] [2019-10-04T19:41:56.596Z] >>> HTTP REQUEST GET https://www.gstatic.com/firebasejs/releases.json  
 
[debug] [2019-10-04T19:42:00.625Z] <<< HTTP RESPONSE 200
[debug] [2019-10-04T19:42:05.254Z] Error: EACCES: permission denied, open '/home/jesus/Documentos/trabajo/petrolera/admin-app/admin/app-students-app/dist/app-students-app/index.html'
    at Object.openSync (fs.js:443:3)
    at Object.writeFileSync (fs.js:1194:35)
    at Config.writeProjectFile (/usr/lib/node_modules/firebase-tools/lib/config.js:179:8)
    at /usr/lib/node_modules/firebase-tools/lib/config.js:197:18
    at process._tickCallback (internal/process/next_tick.js:68:7)
[error] 
[error] Error: An unexpected error has occurred.
